

Microchip MPLAB XC8 Assembler V2.45 build 20230818022343 
                                                                                               Thu Dec 07 19:56:59 2023

Microchip MPLAB XC8 C Compiler v2.45 (Free license) build 20230818022343 Og1 
     1                           	processor	18F4620
     2                           	fnconf	rparam,??,?,0
     3                           	pagewidth 120
     4                           	opt	flic
     5                           	psect	idataCOMRAM,global,class=CODE,delta=1,noexec
     6                           	psect	cinit,global,reloc=2,class=CODE,delta=1
     7                           	psect	bssCOMRAM,global,class=COMRAM,space=1,delta=1,lowdata,noexec
     8                           	psect	dataCOMRAM,global,class=COMRAM,space=1,delta=1,lowdata,noexec
     9                           	psect	cstackCOMRAM,global,class=COMRAM,space=1,delta=1,lowdata,noexec
    10                           	psect	text0,global,reloc=2,class=CODE,delta=1
    11                           	psect	text1,global,reloc=2,class=CODE,delta=1
    12                           	psect	text2,global,reloc=2,class=CODE,delta=1
    13                           	psect	text3,global,reloc=2,class=CODE,delta=1
    14                           	psect	text4,global,reloc=2,class=CODE,delta=1
    15                           	psect	text5,global,reloc=2,class=CODE,delta=1
    16                           	psect	text6,global,reloc=2,class=CODE,delta=1
    17                           	psect	text7,global,reloc=2,class=CODE,delta=1
    18                           	psect	smallconst,global,reloc=2,class=SMALLCONST,delta=1,noexec
    19                           	psect	intsave_regs,global,class=BIGRAM,space=1,delta=1,noexec
    20                           	psect	rparam,global,class=COMRAM,space=1,delta=1,noexec
    21                           	psect	config,global,abs,ovrld,class=CONFIG,space=4,delta=1,noexec
    22   000000                     
    23                           ; Generated 23/03/2023 GMT
    24                           ; 
    25                           ; Copyright © 2023, Microchip Technology Inc. and its subsidiaries ("Microchip")
    26                           ; All rights reserved.
    27                           ; 
    28                           ; This software is developed by Microchip Technology Inc. and its subsidiaries ("Microch
      +                          ip").
    29                           ; 
    30                           ; Redistribution and use in source and binary forms, with or without modification, are
    31                           ; permitted provided that the following conditions are met:
    32                           ; 
    33                           ;     1. Redistributions of source code must retain the above copyright notice, this lis
      +                          t of
    34                           ;        conditions and the following disclaimer.
    35                           ; 
    36                           ;     2. Redistributions in binary form must reproduce the above copyright notice, this 
      +                          list
    37                           ;        of conditions and the following disclaimer in the documentation and/or other
    38                           ;        materials provided with the distribution. Publication is not required when
    39                           ;        this file is used in an embedded application.
    40                           ; 
    41                           ;     3. Microchip's name may not be used to endorse or promote products derived from th
      +                          is
    42                           ;        software without specific prior written permission.
    43                           ; 
    44                           ; THIS SOFTWARE IS PROVIDED BY MICROCHIP "AS IS" AND ANY EXPRESS OR IMPLIED WARRANTIES,
    45                           ; INCLUDING, BUT NOT LIMITED TO, THE IMPLIED WARRANTIES OF MERCHANTABILITY AND FITNESS F
      +                          OR
    46                           ; PURPOSE ARE DISCLAIMED.  IN NO EVENT SHALL MICROCHIP BE LIABLE FOR ANY DIRECT, INDIREC
      +                          T,
    47                           ; INCIDENTAL, SPECIAL, EXEMPLARY, OR CONSEQUENTIAL DAMAGES (INCLUDING BUT NOT LIMITED TO
    48                           ; PROCUREMENT OF SUBSTITUTE GOODS OR SERVICES; LOSS OF USE, DATA OR PROFITS; OR BUSINESS
    49                           ; INTERRUPTION) HOWSOEVER CAUSED AND ON ANY THEORY OF LIABILITY, WHETHER IN CONTRACT, ST
      +                          RICT
    50                           ; LIABILITY, OR TORT (INCLUDING NEGLIGENCE OR OTHERWISE) ARISING IN ANY WAY OUT OF THE U
      +                          SE OF
    51                           ; THIS SOFTWARE, EVEN IF ADVISED OF THE POSSIBILITY OF SUCH DAMAGE.
    52                           ; 
    53                           ; 
    54                           ; Code-generator required, PIC18F4620 Definitions
    55                           ; 
    56                           ; SFR Addresses
    57   000000                     
    58                           	psect	idataCOMRAM
    59   00143C                     __pidataCOMRAM:
    60                           	callstack 0
    61                           
    62                           ;initializer for _port_registers
    63   00143C  80                 	db	128
    64   00143D  0F                 	db	15
    65   00143E  81                 	db	129
    66   00143F  0F                 	db	15
    67   001440  82                 	db	130
    68   001441  0F                 	db	15
    69   001442  83                 	db	131
    70   001443  0F                 	db	15
    71   001444  84                 	db	132
    72   001445  0F                 	db	15
    73                           
    74                           ;initializer for _lat_registers
    75   001446  89                 	db	137
    76   001447  0F                 	db	15
    77   001448  8A                 	db	138
    78   001449  0F                 	db	15
    79   00144A  8B                 	db	139
    80   00144B  0F                 	db	15
    81   00144C  8C                 	db	140
    82   00144D  0F                 	db	15
    83   00144E  8D                 	db	141
    84   00144F  0F                 	db	15
    85                           
    86                           ;initializer for _tris_registers
    87   001450  92                 	db	146
    88   001451  0F                 	db	15
    89   001452  93                 	db	147
    90   001453  0F                 	db	15
    91   001454  94                 	db	148
    92   001455  0F                 	db	15
    93   001456  95                 	db	149
    94   001457  0F                 	db	15
    95   001458  96                 	db	150
    96   001459  0F                 	db	15
    97                           
    98                           ;initializer for _led3
    99   00145A  52                 	db	82
   100                           
   101                           ;initializer for _led2
   102   00145B  4A                 	db	74
   103                           
   104                           ;initializer for _led1
   105   00145C  42                 	db	66
   106   000000                     _PORTE	set	3972
   107   000000                     _PORTD	set	3971
   108   000000                     _PORTC	set	3970
   109   000000                     _PORTB	set	3969
   110   000000                     _PORTA	set	3968
   111   000000                     _LATA	set	3977
   112   000000                     _TRISA	set	3986
   113   000000                     _TRISE	set	3990
   114   000000                     _TRISD	set	3989
   115   000000                     _TRISC	set	3988
   116   000000                     _TRISB	set	3987
   117   000000                     _LATE	set	3981
   118   000000                     _LATD	set	3980
   119   000000                     _LATC	set	3979
   120   000000                     _LATB	set	3978
   121                           
   122                           ; #config settings
   123                           
   124                           	psect	cinit
   125   00140A                     __pcinit:
   126                           	callstack 0
   127   00140A                     start_initialization:
   128                           	callstack 0
   129   00140A                     __initialization:
   130                           	callstack 0
   131                           
   132                           ; Initialize objects allocated to COMRAM (33 bytes)
   133                           ; load TBLPTR registers with __pidataCOMRAM
   134   00140A  0E3C               	movlw	low __pidataCOMRAM
   135   00140C  6EF6               	movwf	tblptrl,c
   136   00140E  0E14               	movlw	high __pidataCOMRAM
   137   001410  6EF7               	movwf	tblptrh,c
   138   001412  0E00               	movlw	low (__pidataCOMRAM shr (0+16))
   139   001414  6EF8               	movwf	tblptru,c
   140   001416  EE00  F001         	lfsr	0,__pdataCOMRAM
   141   00141A  EE10 F021          	lfsr	1,33
   142   00141E                     copy_data0:
   143   00141E  0009               	tblrd		*+
   144   001420  CFF5 FFEE          	movff	tablat,postinc0
   145   001424  50E5               	movf	postdec1,w,c
   146   001426  50E1               	movf	fsr1l,w,c
   147   001428  E1FA               	bnz	copy_data0
   148                           
   149                           ; Clear objects allocated to COMRAM (4 bytes)
   150   00142A  6A33               	clrf	(__pbssCOMRAM+3)& (0+255),c
   151   00142C  6A32               	clrf	(__pbssCOMRAM+2)& (0+255),c
   152   00142E  6A31               	clrf	(__pbssCOMRAM+1)& (0+255),c
   153   001430  6A30               	clrf	__pbssCOMRAM& (0+255),c
   154   001432                     end_of_initialization:
   155                           	callstack 0
   156   001432                     __end_of__initialization:
   157                           	callstack 0
   158   001432  0E00               	movlw	low (__Lmediumconst shr (0+16))
   159   001434  6EF8               	movwf	tblptru,c
   160   001436  0100               	movlb	0
   161   001438  EFE7  F009         	goto	_main	;jump to C main() function
   162                           
   163                           	psect	bssCOMRAM
   164   000030                     __pbssCOMRAM:
   165                           	callstack 0
   166   000030                     led_toggle_status@F2906:
   167                           	callstack 0
   168   000030                     	ds	1
   169   000031                     led_turn_off@F2901:
   170                           	callstack 0
   171   000031                     	ds	1
   172   000032                     led_turn_on@F2896:
   173                           	callstack 0
   174   000032                     	ds	1
   175   000033                     led_intialize@F2891:
   176                           	callstack 0
   177   000033                     	ds	1
   178                           
   179                           	psect	dataCOMRAM
   180   000001                     __pdataCOMRAM:
   181                           	callstack 0
   182   000001                     _port_registers:
   183                           	callstack 0
   184   000001                     	ds	10
   185   00000B                     _lat_registers:
   186                           	callstack 0
   187   00000B                     	ds	10
   188   000015                     _tris_registers:
   189                           	callstack 0
   190   000015                     	ds	10
   191   00001F                     _led3:
   192                           	callstack 0
   193   00001F                     	ds	1
   194   000020                     _led2:
   195                           	callstack 0
   196   000020                     	ds	1
   197   000021                     _led1:
   198                           	callstack 0
   199   000021                     	ds	1
   200                           
   201                           	psect	cstackCOMRAM
   202   000022                     __pcstackCOMRAM:
   203                           	callstack 0
   204   000022                     gpio_pin_direction_intialize@_pin_config:
   205                           	callstack 0
   206   000022                     gpio_pin_write_logic@_pin_config:
   207                           	callstack 0
   208   000022                     gpio_pin_toggle_logic@_pin_config:
   209                           	callstack 0
   210                           
   211                           ; 1 bytes @ 0x0
   212   000022                     	ds	1
   213   000023                     ??_gpio_pin_toggle_logic:
   214   000023                     ??_gpio_pin_direction_intialize:
   215   000023                     gpio_pin_write_logic@logic_:
   216                           	callstack 0
   217                           
   218                           ; 1 bytes @ 0x1
   219   000023                     	ds	1
   220   000024                     ??_gpio_pin_write_logic:
   221                           
   222                           ; 1 bytes @ 0x2
   223   000024                     	ds	3
   224   000027                     led_toggle_status@Led:
   225                           	callstack 0
   226                           
   227                           ; 1 bytes @ 0x5
   228   000027                     	ds	1
   229   000028                     ??_led_toggle_status:
   230                           
   231                           ; 1 bytes @ 0x6
   232   000028                     	ds	1
   233   000029                     led_toggle_status@pin_obj:
   234                           	callstack 0
   235   000029                     gpio_pin_intialize@_pin_config:
   236                           	callstack 0
   237                           
   238                           ; 1 bytes @ 0x7
   239   000029                     	ds	1
   240   00002A                     ??_gpio_pin_intialize:
   241                           
   242                           ; 1 bytes @ 0x8
   243   00002A                     	ds	1
   244   00002B                     led_intialize@Led:
   245                           	callstack 0
   246                           
   247                           ; 1 bytes @ 0x9
   248   00002B                     	ds	1
   249   00002C                     ??_led_intialize:
   250                           
   251                           ; 1 bytes @ 0xA
   252   00002C                     	ds	1
   253   00002D                     led_intialize@pin_obj:
   254                           	callstack 0
   255                           
   256                           ; 1 bytes @ 0xB
   257   00002D                     	ds	1
   258   00002E                     ??_main:
   259                           
   260                           ; 1 bytes @ 0xC
   261   00002E                     	ds	2
   262                           
   263 ;;
   264 ;;Main: autosize = 0, tempsize = 2, incstack = 0, save=0
   265 ;;
   266 ;; *************** function _main *****************
   267 ;; Defined at:
   268 ;;		line 43 in file "app.c"
   269 ;; Parameters:    Size  Location     Type
   270 ;;		None
   271 ;; Auto vars:     Size  Location     Type
   272 ;;		None
   273 ;; Return value:  Size  Location     Type
   274 ;;                  2  169[None  ] int 
   275 ;; Registers used:
   276 ;;		wreg, fsr2l, fsr2h, status,2, status,0, prodl, prodh, cstack
   277 ;; Tracked objects:
   278 ;;		On entry : 0/0
   279 ;;		On exit  : 0/0
   280 ;;		Unchanged: 0/0
   281 ;; Data sizes:     COMRAM   BANK0   BANK1   BANK2   BANK3   BANK4   BANK5   BANK6   BANK7   BANK8   BANK9  BANK10  BANK1
      +1  BANK12  BANK13  BANK14  BANK15
   282 ;;      Params:         0       0       0       0       0       0       0       0       0       0       0       0       
      +0       0       0       0       0
   283 ;;      Locals:         0       0       0       0       0       0       0       0       0       0       0       0       
      +0       0       0       0       0
   284 ;;      Temps:          2       0       0       0       0       0       0       0       0       0       0       0       
      +0       0       0       0       0
   285 ;;      Totals:         2       0       0       0       0       0       0       0       0       0       0       0       
      +0       0       0       0       0
   286 ;;Total ram usage:        2 bytes
   287 ;; Hardware stack levels required when called: 4
   288 ;; This function calls:
   289 ;;		_Application_initialize
   290 ;;		_led_toggle_status
   291 ;; This function is called by:
   292 ;;		Startup code after reset
   293 ;; This function uses a non-reentrant model
   294 ;;
   295                           
   296                           	psect	text0
   297   0013CE                     __ptext0:
   298                           	callstack 0
   299   0013CE                     _main:
   300                           	callstack 27
   301   0013CE                     
   302                           ;app.c: 44:     Application_initialize();
   303   0013CE  EC2F  F00A         	call	_Application_initialize	;wreg free
   304   0013D2                     l170:
   305                           
   306                           ;app.c: 46:         led_toggle_status(&led1);
   307   0013D2  0E21               	movlw	low _led1
   308   0013D4  6E27               	movwf	led_toggle_status@Led^0,c
   309   0013D6  EC53  F009         	call	_led_toggle_status	;wreg free
   310                           
   311                           ;app.c: 47:         led_toggle_status(&led2);
   312   0013DA  0E20               	movlw	low _led2
   313   0013DC  6E27               	movwf	led_toggle_status@Led^0,c
   314   0013DE  EC53  F009         	call	_led_toggle_status	;wreg free
   315                           
   316                           ;app.c: 48:         led_toggle_status(&led3);
   317   0013E2  0E1F               	movlw	low _led3
   318   0013E4  6E27               	movwf	led_toggle_status@Led^0,c
   319   0013E6  EC53  F009         	call	_led_toggle_status	;wreg free
   320   0013EA                     
   321                           ;app.c: 49:         _delay((unsigned long)((200)*(8000000/4000.0)));
   322   0013EA  0E03               	movlw	3
   323   0013EC  6E2F               	movwf	(??_main+1)^0,c
   324   0013EE  0E08               	movlw	8
   325   0013F0  6E2E               	movwf	??_main^0,c
   326   0013F2  0E77               	movlw	119
   327   0013F4                     u627:
   328   0013F4  2EE8               	decfsz	wreg,f,c
   329   0013F6  D7FE               	bra	u627
   330   0013F8  2E2E               	decfsz	??_main^0,f,c
   331   0013FA  D7FC               	bra	u627
   332   0013FC  2E2F               	decfsz	(??_main+1)^0,f,c
   333   0013FE  D7FA               	bra	u627
   334   001400  0000               	nop	
   335   001402  EFE9  F009         	goto	l170
   336   001406  EF00  F000         	goto	start
   337   00140A                     __end_of_main:
   338                           	callstack 0
   339                           
   340 ;; *************** function _led_toggle_status *****************
   341 ;; Defined at:
   342 ;;		line 87 in file "ECU_LAYER/Led/ecu_led.c"
   343 ;; Parameters:    Size  Location     Type
   344 ;;  Led             1    5[COMRAM] PTR const struct .
   345 ;;		 -> led3(1), led2(1), led1(1), 
   346 ;; Auto vars:     Size  Location     Type
   347 ;;  pin_obj         1    7[COMRAM] struct .
   348 ;;  ret             1    0        unsigned char 
   349 ;; Return value:  Size  Location     Type
   350 ;;                  1    wreg      unsigned char 
   351 ;; Registers used:
   352 ;;		wreg, fsr2l, fsr2h, status,2, status,0, prodl, prodh, cstack
   353 ;; Tracked objects:
   354 ;;		On entry : 0/0
   355 ;;		On exit  : 0/0
   356 ;;		Unchanged: 0/0
   357 ;; Data sizes:     COMRAM   BANK0   BANK1   BANK2   BANK3   BANK4   BANK5   BANK6   BANK7   BANK8   BANK9  BANK10  BANK1
      +1  BANK12  BANK13  BANK14  BANK15
   358 ;;      Params:         1       0       0       0       0       0       0       0       0       0       0       0       
      +0       0       0       0       0
   359 ;;      Locals:         1       0       0       0       0       0       0       0       0       0       0       0       
      +0       0       0       0       0
   360 ;;      Temps:          1       0       0       0       0       0       0       0       0       0       0       0       
      +0       0       0       0       0
   361 ;;      Totals:         3       0       0       0       0       0       0       0       0       0       0       0       
      +0       0       0       0       0
   362 ;;Total ram usage:        3 bytes
   363 ;; Hardware stack levels used: 1
   364 ;; Hardware stack levels required when called: 1
   365 ;; This function calls:
   366 ;;		_gpio_pin_toggle_logic
   367 ;; This function is called by:
   368 ;;		_main
   369 ;; This function uses a non-reentrant model
   370 ;;
   371                           
   372                           	psect	text1
   373   0012A6                     __ptext1:
   374                           	callstack 0
   375   0012A6                     _led_toggle_status:
   376                           	callstack 29
   377   0012A6                     
   378                           ;ECU_LAYER/Led/ecu_led.c: 89:     if (((void*)0) == Led) {
   379   0012A6  5027               	movf	led_toggle_status@Led^0,w,c
   380   0012A8  A4D8               	btfss	status,2,c
   381   0012AA  EF59  F009         	goto	u561
   382   0012AE  EF5B  F009         	goto	u560
   383   0012B2                     u561:
   384   0012B2  EF5D  F009         	goto	l30
   385   0012B6                     u560:
   386   0012B6                     
   387                           ;ECU_LAYER/Led/ecu_led.c: 91:     } else {
   388   0012B6  EF87  F009         	goto	l34
   389   0012BA                     l30:
   390                           
   391                           ;ECU_LAYER/Led/ecu_led.c: 93:         pin_config_t pin_obj = {
   392   0012BA  C030  F029         	movff	led_toggle_status@F2906,led_toggle_status@pin_obj
   393   0012BE  5027               	movf	led_toggle_status@Led^0,w,c
   394   0012C0  6ED9               	movwf	fsr2l,c
   395   0012C2  6ADA               	clrf	fsr2h,c
   396   0012C4  50DF               	movf	223,w,c
   397   0012C6  0B07               	andlw	7
   398   0012C8  6E28               	movwf	??_led_toggle_status^0,c
   399   0012CA  5029               	movf	led_toggle_status@pin_obj^0,w,c
   400   0012CC  1828               	xorwf	??_led_toggle_status^0,w,c
   401   0012CE  0BF8               	andlw	-8
   402   0012D0  1828               	xorwf	??_led_toggle_status^0,w,c
   403   0012D2  6E29               	movwf	led_toggle_status@pin_obj^0,c
   404   0012D4  5027               	movf	led_toggle_status@Led^0,w,c
   405   0012D6  6ED9               	movwf	fsr2l,c
   406   0012D8  6ADA               	clrf	fsr2h,c
   407   0012DA  30DF               	rrcf	223,w,c
   408   0012DC  32E8               	rrcf	wreg,f,c
   409   0012DE  32E8               	rrcf	wreg,f,c
   410   0012E0  0B07               	andlw	7
   411   0012E2  6E28               	movwf	??_led_toggle_status^0,c
   412   0012E4  4628               	rlncf	??_led_toggle_status^0,f,c
   413   0012E6  4628               	rlncf	??_led_toggle_status^0,f,c
   414   0012E8  4628               	rlncf	??_led_toggle_status^0,f,c
   415   0012EA  5029               	movf	led_toggle_status@pin_obj^0,w,c
   416   0012EC  1828               	xorwf	??_led_toggle_status^0,w,c
   417   0012EE  0BC7               	andlw	-57
   418   0012F0  1828               	xorwf	??_led_toggle_status^0,w,c
   419   0012F2  6E29               	movwf	led_toggle_status@pin_obj^0,c
   420   0012F4  9C29               	bcf	led_toggle_status@pin_obj^0,6,c
   421   0012F6  5027               	movf	led_toggle_status@Led^0,w,c
   422   0012F8  6ED9               	movwf	fsr2l,c
   423   0012FA  6ADA               	clrf	fsr2h,c
   424   0012FC  ACDF               	btfss	indf2,6,c
   425   0012FE  D002               	bra	u575
   426   001300  8E29               	bsf	led_toggle_status@pin_obj^0,7,c
   427   001302  D001               	bra	u577
   428   001304                     u575:
   429   001304  9E29               	bcf	led_toggle_status@pin_obj^0,7,c
   430   001306                     u577:
   431   001306                     
   432                           ;ECU_LAYER/Led/ecu_led.c: 99:         gpio_pin_toggle_logic(&pin_obj);
   433   001306  0E29               	movlw	low led_toggle_status@pin_obj
   434   001308  6E22               	movwf	gpio_pin_toggle_logic@_pin_config^0,c
   435   00130A  EC12  F009         	call	_gpio_pin_toggle_logic	;wreg free
   436   00130E                     l34:
   437   00130E  0012               	return		;funcret
   438   001310                     __end_of_led_toggle_status:
   439                           	callstack 0
   440                           
   441 ;; *************** function _gpio_pin_toggle_logic *****************
   442 ;; Defined at:
   443 ;;		line 91 in file "MCAL_Layer/GPIO/hal_gpio.c"
   444 ;; Parameters:    Size  Location     Type
   445 ;;  _pin_config     1    0[COMRAM] PTR const struct .
   446 ;;		 -> led_toggle_status@pin_obj(1), 
   447 ;; Auto vars:     Size  Location     Type
   448 ;;  ret             1    0        unsigned char 
   449 ;; Return value:  Size  Location     Type
   450 ;;                  1    wreg      unsigned char 
   451 ;; Registers used:
   452 ;;		wreg, fsr2l, fsr2h, status,2, status,0, prodl, prodh
   453 ;; Tracked objects:
   454 ;;		On entry : 0/0
   455 ;;		On exit  : 0/0
   456 ;;		Unchanged: 0/0
   457 ;; Data sizes:     COMRAM   BANK0   BANK1   BANK2   BANK3   BANK4   BANK5   BANK6   BANK7   BANK8   BANK9  BANK10  BANK1
      +1  BANK12  BANK13  BANK14  BANK15
   458 ;;      Params:         1       0       0       0       0       0       0       0       0       0       0       0       
      +0       0       0       0       0
   459 ;;      Locals:         0       0       0       0       0       0       0       0       0       0       0       0       
      +0       0       0       0       0
   460 ;;      Temps:          4       0       0       0       0       0       0       0       0       0       0       0       
      +0       0       0       0       0
   461 ;;      Totals:         5       0       0       0       0       0       0       0       0       0       0       0       
      +0       0       0       0       0
   462 ;;Total ram usage:        5 bytes
   463 ;; Hardware stack levels used: 1
   464 ;; This function calls:
   465 ;;		Nothing
   466 ;; This function is called by:
   467 ;;		_led_toggle_status
   468 ;; This function uses a non-reentrant model
   469 ;;
   470                           
   471                           	psect	text2
   472   001224                     __ptext2:
   473                           	callstack 0
   474   001224                     _gpio_pin_toggle_logic:
   475                           	callstack 29
   476   001224                     
   477                           ;MCAL_Layer/GPIO/hal_gpio.c: 93:     if (((void*)0) == _pin_config || _pin_config->pin >
      +                           8 - 1) {
   478   001224  5022               	movf	gpio_pin_toggle_logic@_pin_config^0,w,c
   479   001226  B4D8               	btfsc	status,2,c
   480   001228  EF18  F009         	goto	u531
   481   00122C  EF1A  F009         	goto	u530
   482   001230                     u531:
   483   001230  EF2A  F009         	goto	l1132
   484   001234                     u530:
   485   001234  5022               	movf	gpio_pin_toggle_logic@_pin_config^0,w,c
   486   001236  6ED9               	movwf	fsr2l,c
   487   001238  6ADA               	clrf	fsr2h,c
   488   00123A  30DF               	rrcf	223,w,c
   489   00123C  32E8               	rrcf	wreg,f,c
   490   00123E  32E8               	rrcf	wreg,f,c
   491   001240  0B07               	andlw	7
   492   001242  6E23               	movwf	??_gpio_pin_toggle_logic^0,c
   493   001244  0E07               	movlw	7
   494   001246  6423               	cpfsgt	??_gpio_pin_toggle_logic^0,c
   495   001248  EF28  F009         	goto	u541
   496   00124C  EF2A  F009         	goto	u540
   497   001250                     u541:
   498   001250  EF2C  F009         	goto	l1134
   499   001254                     u540:
   500   001254                     l1132:
   501                           
   502                           ;MCAL_Layer/GPIO/hal_gpio.c: 95:     } else {
   503   001254  EF52  F009         	goto	l115
   504   001258                     l1134:
   505                           
   506                           ;MCAL_Layer/GPIO/hal_gpio.c: 96:         (*lat_registers[_pin_config->port] ^= ((uint8)1
      +                           << _pin_config->pin));
   507   001258  5022               	movf	gpio_pin_toggle_logic@_pin_config^0,w,c
   508   00125A  6ED9               	movwf	fsr2l,c
   509   00125C  6ADA               	clrf	fsr2h,c
   510   00125E  30DF               	rrcf	223,w,c
   511   001260  32E8               	rrcf	wreg,f,c
   512   001262  32E8               	rrcf	wreg,f,c
   513   001264  0B07               	andlw	7
   514   001266  6E23               	movwf	??_gpio_pin_toggle_logic^0,c
   515   001268  0E01               	movlw	1
   516   00126A  6E24               	movwf	(??_gpio_pin_toggle_logic+1)^0,c
   517   00126C  2A23               	incf	??_gpio_pin_toggle_logic^0,f,c
   518   00126E  EF3B  F009         	goto	u554
   519   001272                     u555:
   520   001272  90D8               	bcf	status,0,c
   521   001274  3624               	rlcf	(??_gpio_pin_toggle_logic+1)^0,f,c
   522   001276                     u554:
   523   001276  2E23               	decfsz	??_gpio_pin_toggle_logic^0,f,c
   524   001278  EF39  F009         	goto	u555
   525   00127C  5022               	movf	gpio_pin_toggle_logic@_pin_config^0,w,c
   526   00127E  6ED9               	movwf	fsr2l,c
   527   001280  6ADA               	clrf	fsr2h,c
   528   001282  50DF               	movf	223,w,c
   529   001284  0B07               	andlw	7
   530   001286  0D02               	mullw	2
   531   001288  50F3               	movf	243,w,c
   532   00128A  0F0B               	addlw	low _lat_registers
   533   00128C  6ED9               	movwf	fsr2l,c
   534   00128E  6ADA               	clrf	fsr2h,c
   535   001290  CFDE F025          	movff	postinc2,??_gpio_pin_toggle_logic+2
   536   001294  CFDD F026          	movff	postdec2,??_gpio_pin_toggle_logic+3
   537   001298  C025  FFD9         	movff	??_gpio_pin_toggle_logic+2,fsr2l
   538   00129C  C026  FFDA         	movff	??_gpio_pin_toggle_logic+3,fsr2h
   539   0012A0  5024               	movf	(??_gpio_pin_toggle_logic+1)^0,w,c
   540   0012A2  1ADF               	xorwf	indf2,f,c
   541   0012A4                     l115:
   542   0012A4  0012               	return		;funcret
   543   0012A6                     __end_of_gpio_pin_toggle_logic:
   544                           	callstack 0
   545                           
   546 ;; *************** function _Application_initialize *****************
   547 ;; Defined at:
   548 ;;		line 55 in file "app.c"
   549 ;; Parameters:    Size  Location     Type
   550 ;;		None
   551 ;; Auto vars:     Size  Location     Type
   552 ;;		None
   553 ;; Return value:  Size  Location     Type
   554 ;;                  1    wreg      void 
   555 ;; Registers used:
   556 ;;		wreg, fsr2l, fsr2h, status,2, status,0, prodl, prodh, cstack
   557 ;; Tracked objects:
   558 ;;		On entry : 0/0
   559 ;;		On exit  : 0/0
   560 ;;		Unchanged: 0/0
   561 ;; Data sizes:     COMRAM   BANK0   BANK1   BANK2   BANK3   BANK4   BANK5   BANK6   BANK7   BANK8   BANK9  BANK10  BANK1
      +1  BANK12  BANK13  BANK14  BANK15
   562 ;;      Params:         0       0       0       0       0       0       0       0       0       0       0       0       
      +0       0       0       0       0
   563 ;;      Locals:         0       0       0       0       0       0       0       0       0       0       0       0       
      +0       0       0       0       0
   564 ;;      Temps:          0       0       0       0       0       0       0       0       0       0       0       0       
      +0       0       0       0       0
   565 ;;      Totals:         0       0       0       0       0       0       0       0       0       0       0       0       
      +0       0       0       0       0
   566 ;;Total ram usage:        0 bytes
   567 ;; Hardware stack levels used: 1
   568 ;; Hardware stack levels required when called: 3
   569 ;; This function calls:
   570 ;;		_led_intialize
   571 ;; This function is called by:
   572 ;;		_main
   573 ;; This function uses a non-reentrant model
   574 ;;
   575                           
   576                           	psect	text3
   577   00145E                     __ptext3:
   578                           	callstack 0
   579   00145E                     _Application_initialize:
   580                           	callstack 27
   581   00145E                     
   582                           ;app.c: 56:     led_intialize(&led1);
   583   00145E  0E21               	movlw	low _led1
   584   001460  6E2B               	movwf	led_intialize@Led^0,c
   585   001462  EC88  F009         	call	_led_intialize	;wreg free
   586                           
   587                           ;app.c: 57:     led_intialize(&led2);
   588   001466  0E20               	movlw	low _led2
   589   001468  6E2B               	movwf	led_intialize@Led^0,c
   590   00146A  EC88  F009         	call	_led_intialize	;wreg free
   591                           
   592                           ;app.c: 58:     led_intialize(&led3);
   593   00146E  0E1F               	movlw	low _led3
   594   001470  6E2B               	movwf	led_intialize@Led^0,c
   595   001472  EC88  F009         	call	_led_intialize	;wreg free
   596   001476  0012               	return		;funcret
   597   001478                     __end_of_Application_initialize:
   598                           	callstack 0
   599                           
   600 ;; *************** function _led_intialize *****************
   601 ;; Defined at:
   602 ;;		line 12 in file "ECU_LAYER/Led/ecu_led.c"
   603 ;; Parameters:    Size  Location     Type
   604 ;;  Led             1    9[COMRAM] PTR const struct .
   605 ;;		 -> led3(1), led2(1), led1(1), 
   606 ;; Auto vars:     Size  Location     Type
   607 ;;  pin_obj         1   11[COMRAM] struct .
   608 ;;  ret             1    0        unsigned char 
   609 ;; Return value:  Size  Location     Type
   610 ;;                  1    wreg      unsigned char 
   611 ;; Registers used:
   612 ;;		wreg, fsr2l, fsr2h, status,2, status,0, prodl, prodh, cstack
   613 ;; Tracked objects:
   614 ;;		On entry : 0/0
   615 ;;		On exit  : 0/0
   616 ;;		Unchanged: 0/0
   617 ;; Data sizes:     COMRAM   BANK0   BANK1   BANK2   BANK3   BANK4   BANK5   BANK6   BANK7   BANK8   BANK9  BANK10  BANK1
      +1  BANK12  BANK13  BANK14  BANK15
   618 ;;      Params:         1       0       0       0       0       0       0       0       0       0       0       0       
      +0       0       0       0       0
   619 ;;      Locals:         1       0       0       0       0       0       0       0       0       0       0       0       
      +0       0       0       0       0
   620 ;;      Temps:          1       0       0       0       0       0       0       0       0       0       0       0       
      +0       0       0       0       0
   621 ;;      Totals:         3       0       0       0       0       0       0       0       0       0       0       0       
      +0       0       0       0       0
   622 ;;Total ram usage:        3 bytes
   623 ;; Hardware stack levels used: 1
   624 ;; Hardware stack levels required when called: 2
   625 ;; This function calls:
   626 ;;		_gpio_pin_intialize
   627 ;; This function is called by:
   628 ;;		_Application_initialize
   629 ;; This function uses a non-reentrant model
   630 ;;
   631                           
   632                           	psect	text4
   633   001310                     __ptext4:
   634                           	callstack 0
   635   001310                     _led_intialize:
   636                           	callstack 27
   637   001310                     
   638                           ;ECU_LAYER/Led/ecu_led.c: 14:     if (((void*)0) == Led) {
   639   001310  502B               	movf	led_intialize@Led^0,w,c
   640   001312  A4D8               	btfss	status,2,c
   641   001314  EF8E  F009         	goto	u511
   642   001318  EF90  F009         	goto	u510
   643   00131C                     u511:
   644   00131C  EF92  F009         	goto	l9
   645   001320                     u510:
   646   001320                     
   647                           ;ECU_LAYER/Led/ecu_led.c: 16:     } else {
   648   001320  EFBC  F009         	goto	l13
   649   001324                     l9:
   650                           
   651                           ;ECU_LAYER/Led/ecu_led.c: 18:         pin_config_t pin_obj = {
   652   001324  C033  F02D         	movff	led_intialize@F2891,led_intialize@pin_obj
   653   001328  502B               	movf	led_intialize@Led^0,w,c
   654   00132A  6ED9               	movwf	fsr2l,c
   655   00132C  6ADA               	clrf	fsr2h,c
   656   00132E  50DF               	movf	223,w,c
   657   001330  0B07               	andlw	7
   658   001332  6E2C               	movwf	??_led_intialize^0,c
   659   001334  502D               	movf	led_intialize@pin_obj^0,w,c
   660   001336  182C               	xorwf	??_led_intialize^0,w,c
   661   001338  0BF8               	andlw	-8
   662   00133A  182C               	xorwf	??_led_intialize^0,w,c
   663   00133C  6E2D               	movwf	led_intialize@pin_obj^0,c
   664   00133E  502B               	movf	led_intialize@Led^0,w,c
   665   001340  6ED9               	movwf	fsr2l,c
   666   001342  6ADA               	clrf	fsr2h,c
   667   001344  30DF               	rrcf	223,w,c
   668   001346  32E8               	rrcf	wreg,f,c
   669   001348  32E8               	rrcf	wreg,f,c
   670   00134A  0B07               	andlw	7
   671   00134C  6E2C               	movwf	??_led_intialize^0,c
   672   00134E  462C               	rlncf	??_led_intialize^0,f,c
   673   001350  462C               	rlncf	??_led_intialize^0,f,c
   674   001352  462C               	rlncf	??_led_intialize^0,f,c
   675   001354  502D               	movf	led_intialize@pin_obj^0,w,c
   676   001356  182C               	xorwf	??_led_intialize^0,w,c
   677   001358  0BC7               	andlw	-57
   678   00135A  182C               	xorwf	??_led_intialize^0,w,c
   679   00135C  6E2D               	movwf	led_intialize@pin_obj^0,c
   680   00135E  9C2D               	bcf	led_intialize@pin_obj^0,6,c
   681   001360  502B               	movf	led_intialize@Led^0,w,c
   682   001362  6ED9               	movwf	fsr2l,c
   683   001364  6ADA               	clrf	fsr2h,c
   684   001366  ACDF               	btfss	indf2,6,c
   685   001368  D002               	bra	u525
   686   00136A  8E2D               	bsf	led_intialize@pin_obj^0,7,c
   687   00136C  D001               	bra	u527
   688   00136E                     u525:
   689   00136E  9E2D               	bcf	led_intialize@pin_obj^0,7,c
   690   001370                     u527:
   691   001370                     
   692                           ;ECU_LAYER/Led/ecu_led.c: 24:         gpio_pin_intialize(&pin_obj);
   693   001370  0E2D               	movlw	low led_intialize@pin_obj
   694   001372  6E29               	movwf	gpio_pin_intialize@_pin_config^0,c
   695   001374  ECBD  F009         	call	_gpio_pin_intialize	;wreg free
   696   001378                     l13:
   697   001378  0012               	return		;funcret
   698   00137A                     __end_of_led_intialize:
   699                           	callstack 0
   700                           
   701 ;; *************** function _gpio_pin_intialize *****************
   702 ;; Defined at:
   703 ;;		line 101 in file "MCAL_Layer/GPIO/hal_gpio.c"
   704 ;; Parameters:    Size  Location     Type
   705 ;;  _pin_config     1    7[COMRAM] PTR struct .
   706 ;;		 -> led_intialize@pin_obj(1), 
   707 ;; Auto vars:     Size  Location     Type
   708 ;;  ret             1    0        unsigned char 
   709 ;; Return value:  Size  Location     Type
   710 ;;                  1    wreg      unsigned char 
   711 ;; Registers used:
   712 ;;		wreg, fsr2l, fsr2h, status,2, status,0, prodl, prodh, cstack
   713 ;; Tracked objects:
   714 ;;		On entry : 0/0
   715 ;;		On exit  : 0/0
   716 ;;		Unchanged: 0/0
   717 ;; Data sizes:     COMRAM   BANK0   BANK1   BANK2   BANK3   BANK4   BANK5   BANK6   BANK7   BANK8   BANK9  BANK10  BANK1
      +1  BANK12  BANK13  BANK14  BANK15
   718 ;;      Params:         1       0       0       0       0       0       0       0       0       0       0       0       
      +0       0       0       0       0
   719 ;;      Locals:         0       0       0       0       0       0       0       0       0       0       0       0       
      +0       0       0       0       0
   720 ;;      Temps:          1       0       0       0       0       0       0       0       0       0       0       0       
      +0       0       0       0       0
   721 ;;      Totals:         2       0       0       0       0       0       0       0       0       0       0       0       
      +0       0       0       0       0
   722 ;;Total ram usage:        2 bytes
   723 ;; Hardware stack levels used: 1
   724 ;; Hardware stack levels required when called: 1
   725 ;; This function calls:
   726 ;;		_gpio_pin_direction_intialize
   727 ;;		_gpio_pin_write_logic
   728 ;; This function is called by:
   729 ;;		_led_intialize
   730 ;; This function uses a non-reentrant model
   731 ;;
   732                           
   733                           	psect	text5
   734   00137A                     __ptext5:
   735                           	callstack 0
   736   00137A                     _gpio_pin_intialize:
   737                           	callstack 27
   738   00137A                     
   739                           ;MCAL_Layer/GPIO/hal_gpio.c: 103:     if (((void*)0) == _pin_config || _pin_config->pin 
      +                          > 8 - 1) {
   740   00137A  5029               	movf	gpio_pin_intialize@_pin_config^0,w,c
   741   00137C  B4D8               	btfsc	status,2,c
   742   00137E  EFC3  F009         	goto	u491
   743   001382  EFC5  F009         	goto	u490
   744   001386                     u491:
   745   001386  EFD5  F009         	goto	l1108
   746   00138A                     u490:
   747   00138A  5029               	movf	gpio_pin_intialize@_pin_config^0,w,c
   748   00138C  6ED9               	movwf	fsr2l,c
   749   00138E  6ADA               	clrf	fsr2h,c
   750   001390  30DF               	rrcf	223,w,c
   751   001392  32E8               	rrcf	wreg,f,c
   752   001394  32E8               	rrcf	wreg,f,c
   753   001396  0B07               	andlw	7
   754   001398  6E2A               	movwf	??_gpio_pin_intialize^0,c
   755   00139A  0E07               	movlw	7
   756   00139C  642A               	cpfsgt	??_gpio_pin_intialize^0,c
   757   00139E  EFD3  F009         	goto	u501
   758   0013A2  EFD5  F009         	goto	u500
   759   0013A6                     u501:
   760   0013A6  EFD7  F009         	goto	l1110
   761   0013AA                     u500:
   762   0013AA                     l1108:
   763                           
   764                           ;MCAL_Layer/GPIO/hal_gpio.c: 105:     } else {
   765   0013AA  EFE6  F009         	goto	l122
   766   0013AE                     l1110:
   767                           
   768                           ;MCAL_Layer/GPIO/hal_gpio.c: 106:         gpio_pin_direction_intialize(_pin_config);
   769   0013AE  C029  F022         	movff	gpio_pin_intialize@_pin_config,gpio_pin_direction_intialize@_pin_config
   770   0013B2  EC01  F008         	call	_gpio_pin_direction_intialize	;wreg free
   771                           
   772                           ;MCAL_Layer/GPIO/hal_gpio.c: 107:         gpio_pin_write_logic(_pin_config, _pin_config-
      +                          >logic);
   773   0013B6  C029  F022         	movff	gpio_pin_intialize@_pin_config,gpio_pin_write_logic@_pin_config
   774   0013BA  5029               	movf	gpio_pin_intialize@_pin_config^0,w,c
   775   0013BC  6ED9               	movwf	fsr2l,c
   776   0013BE  6ADA               	clrf	fsr2h,c
   777   0013C0  0E00               	movlw	0
   778   0013C2  BEDF               	btfsc	indf2,7,c
   779   0013C4  0E01               	movlw	1
   780   0013C6  6E23               	movwf	gpio_pin_write_logic@logic_^0,c
   781   0013C8  EC8F  F008         	call	_gpio_pin_write_logic	;wreg free
   782   0013CC                     l122:
   783   0013CC  0012               	return		;funcret
   784   0013CE                     __end_of_gpio_pin_intialize:
   785                           	callstack 0
   786                           
   787 ;; *************** function _gpio_pin_write_logic *****************
   788 ;; Defined at:
   789 ;;		line 55 in file "MCAL_Layer/GPIO/hal_gpio.c"
   790 ;; Parameters:    Size  Location     Type
   791 ;;  _pin_config     1    0[COMRAM] PTR const struct .
   792 ;;		 -> led_turn_off@pin_obj(1), led_turn_on@pin_obj(1), led_intialize@pin_obj(1), 
   793 ;;  logic_          1    1[COMRAM] enum E2811
   794 ;; Auto vars:     Size  Location     Type
   795 ;;  ret             1    0        unsigned char 
   796 ;; Return value:  Size  Location     Type
   797 ;;                  1    wreg      unsigned char 
   798 ;; Registers used:
   799 ;;		wreg, fsr2l, fsr2h, status,2, status,0, prodl, prodh
   800 ;; Tracked objects:
   801 ;;		On entry : 0/0
   802 ;;		On exit  : 0/0
   803 ;;		Unchanged: 0/0
   804 ;; Data sizes:     COMRAM   BANK0   BANK1   BANK2   BANK3   BANK4   BANK5   BANK6   BANK7   BANK8   BANK9  BANK10  BANK1
      +1  BANK12  BANK13  BANK14  BANK15
   805 ;;      Params:         2       0       0       0       0       0       0       0       0       0       0       0       
      +0       0       0       0       0
   806 ;;      Locals:         0       0       0       0       0       0       0       0       0       0       0       0       
      +0       0       0       0       0
   807 ;;      Temps:          5       0       0       0       0       0       0       0       0       0       0       0       
      +0       0       0       0       0
   808 ;;      Totals:         7       0       0       0       0       0       0       0       0       0       0       0       
      +0       0       0       0       0
   809 ;;Total ram usage:        7 bytes
   810 ;; Hardware stack levels used: 1
   811 ;; This function calls:
   812 ;;		Nothing
   813 ;; This function is called by:
   814 ;;		_gpio_pin_intialize
   815 ;;		_led_turn_on
   816 ;;		_led_turn_off
   817 ;; This function uses a non-reentrant model
   818 ;;
   819                           
   820                           	psect	text6
   821   00111E                     __ptext6:
   822                           	callstack 0
   823   00111E                     _gpio_pin_write_logic:
   824                           	callstack 27
   825   00111E                     
   826                           ;MCAL_Layer/GPIO/hal_gpio.c: 57:     if (((void*)0) == _pin_config || _pin_config->pin >
      +                           8 - 1) {
   827   00111E  5022               	movf	gpio_pin_write_logic@_pin_config^0,w,c
   828   001120  B4D8               	btfsc	status,2,c
   829   001122  EF95  F008         	goto	u391
   830   001126  EF97  F008         	goto	u390
   831   00112A                     u391:
   832   00112A  EFA7  F008         	goto	l1070
   833   00112E                     u390:
   834   00112E  5022               	movf	gpio_pin_write_logic@_pin_config^0,w,c
   835   001130  6ED9               	movwf	fsr2l,c
   836   001132  6ADA               	clrf	fsr2h,c
   837   001134  30DF               	rrcf	223,w,c
   838   001136  32E8               	rrcf	wreg,f,c
   839   001138  32E8               	rrcf	wreg,f,c
   840   00113A  0B07               	andlw	7
   841   00113C  6E24               	movwf	??_gpio_pin_write_logic^0,c
   842   00113E  0E07               	movlw	7
   843   001140  6424               	cpfsgt	??_gpio_pin_write_logic^0,c
   844   001142  EFA5  F008         	goto	u401
   845   001146  EFA7  F008         	goto	u400
   846   00114A                     u401:
   847   00114A  EFFC  F008         	goto	l1080
   848   00114E                     u400:
   849   00114E                     l1070:
   850                           
   851                           ;MCAL_Layer/GPIO/hal_gpio.c: 59:     } else {
   852   00114E  EF11  F009         	goto	l101
   853   001152                     l1072:
   854                           
   855                           ;MCAL_Layer/GPIO/hal_gpio.c: 63:                 (*lat_registers[_pin_config->port] |= (
      +                          (uint8)1 << _pin_config->pin));
   856   001152  5022               	movf	gpio_pin_write_logic@_pin_config^0,w,c
   857   001154  6ED9               	movwf	fsr2l,c
   858   001156  6ADA               	clrf	fsr2h,c
   859   001158  30DF               	rrcf	223,w,c
   860   00115A  32E8               	rrcf	wreg,f,c
   861   00115C  32E8               	rrcf	wreg,f,c
   862   00115E  0B07               	andlw	7
   863   001160  6E24               	movwf	??_gpio_pin_write_logic^0,c
   864   001162  0E01               	movlw	1
   865   001164  6E25               	movwf	(??_gpio_pin_write_logic+1)^0,c
   866   001166  2A24               	incf	??_gpio_pin_write_logic^0,f,c
   867   001168  EFB8  F008         	goto	u414
   868   00116C                     u415:
   869   00116C  90D8               	bcf	status,0,c
   870   00116E  3625               	rlcf	(??_gpio_pin_write_logic+1)^0,f,c
   871   001170                     u414:
   872   001170  2E24               	decfsz	??_gpio_pin_write_logic^0,f,c
   873   001172  EFB6  F008         	goto	u415
   874   001176  5022               	movf	gpio_pin_write_logic@_pin_config^0,w,c
   875   001178  6ED9               	movwf	fsr2l,c
   876   00117A  6ADA               	clrf	fsr2h,c
   877   00117C  50DF               	movf	223,w,c
   878   00117E  0B07               	andlw	7
   879   001180  0D02               	mullw	2
   880   001182  50F3               	movf	243,w,c
   881   001184  0F0B               	addlw	low _lat_registers
   882   001186  6ED9               	movwf	fsr2l,c
   883   001188  6ADA               	clrf	fsr2h,c
   884   00118A  CFDE F026          	movff	postinc2,??_gpio_pin_write_logic+2
   885   00118E  CFDD F027          	movff	postdec2,??_gpio_pin_write_logic+3
   886   001192  C026  FFD9         	movff	??_gpio_pin_write_logic+2,fsr2l
   887   001196  C027  FFDA         	movff	??_gpio_pin_write_logic+3,fsr2h
   888   00119A  5025               	movf	(??_gpio_pin_write_logic+1)^0,w,c
   889   00119C  12DF               	iorwf	indf2,f,c
   890                           
   891                           ;MCAL_Layer/GPIO/hal_gpio.c: 64:                 break;
   892   00119E  EF11  F009         	goto	l101
   893   0011A2                     l1074:
   894                           
   895                           ;MCAL_Layer/GPIO/hal_gpio.c: 67:                 (*lat_registers[_pin_config->port] &= ~
      +                          ((uint8)1 << _pin_config->pin));
   896   0011A2  5022               	movf	gpio_pin_write_logic@_pin_config^0,w,c
   897   0011A4  6ED9               	movwf	fsr2l,c
   898   0011A6  6ADA               	clrf	fsr2h,c
   899   0011A8  30DF               	rrcf	223,w,c
   900   0011AA  32E8               	rrcf	wreg,f,c
   901   0011AC  32E8               	rrcf	wreg,f,c
   902   0011AE  0B07               	andlw	7
   903   0011B0  6E24               	movwf	??_gpio_pin_write_logic^0,c
   904   0011B2  0E01               	movlw	1
   905   0011B4  6E25               	movwf	(??_gpio_pin_write_logic+1)^0,c
   906   0011B6  2A24               	incf	??_gpio_pin_write_logic^0,f,c
   907   0011B8  EFE0  F008         	goto	u424
   908   0011BC                     u425:
   909   0011BC  90D8               	bcf	status,0,c
   910   0011BE  3625               	rlcf	(??_gpio_pin_write_logic+1)^0,f,c
   911   0011C0                     u424:
   912   0011C0  2E24               	decfsz	??_gpio_pin_write_logic^0,f,c
   913   0011C2  EFDE  F008         	goto	u425
   914   0011C6  5025               	movf	(??_gpio_pin_write_logic+1)^0,w,c
   915   0011C8  0AFF               	xorlw	255
   916   0011CA  6E26               	movwf	(??_gpio_pin_write_logic+2)^0,c
   917   0011CC  5022               	movf	gpio_pin_write_logic@_pin_config^0,w,c
   918   0011CE  6ED9               	movwf	fsr2l,c
   919   0011D0  6ADA               	clrf	fsr2h,c
   920   0011D2  50DF               	movf	223,w,c
   921   0011D4  0B07               	andlw	7
   922   0011D6  0D02               	mullw	2
   923   0011D8  50F3               	movf	243,w,c
   924   0011DA  0F0B               	addlw	low _lat_registers
   925   0011DC  6ED9               	movwf	fsr2l,c
   926   0011DE  6ADA               	clrf	fsr2h,c
   927   0011E0  CFDE F027          	movff	postinc2,??_gpio_pin_write_logic+3
   928   0011E4  CFDD F028          	movff	postdec2,??_gpio_pin_write_logic+4
   929   0011E8  C027  FFD9         	movff	??_gpio_pin_write_logic+3,fsr2l
   930   0011EC  C028  FFDA         	movff	??_gpio_pin_write_logic+4,fsr2h
   931   0011F0  5026               	movf	(??_gpio_pin_write_logic+2)^0,w,c
   932   0011F2  16DF               	andwf	indf2,f,c
   933                           
   934                           ;MCAL_Layer/GPIO/hal_gpio.c: 68:                 break;
   935   0011F4  EF11  F009         	goto	l101
   936   0011F8                     l1080:
   937   0011F8  5023               	movf	gpio_pin_write_logic@logic_^0,w,c
   938   0011FA  6E24               	movwf	??_gpio_pin_write_logic^0,c
   939   0011FC  6A25               	clrf	(??_gpio_pin_write_logic+1)^0,c
   940                           
   941                           ; Switch on 2 bytes has been partitioned into a top level switch of size 1, and 1 sub-sw
      +                          itches
   942                           ; Switch size 1, requested type "simple"
   943                           ; Number of cases is 1, Range of values is 0 to 0
   944                           ; switch strategies available:
   945                           ; Name         Instructions Cycles
   946                           ; simple_byte            4     3 (average)
   947                           ;	Chosen strategy is simple_byte
   948   0011FE  5025               	movf	(??_gpio_pin_write_logic+1)^0,w,c
   949   001200  0A00               	xorlw	0	; case 0
   950   001202  B4D8               	btfsc	status,2,c
   951   001204  EF06  F009         	goto	l1198
   952   001208  EFA7  F008         	goto	l1070
   953   00120C                     l1198:
   954                           
   955                           ; Switch size 1, requested type "simple"
   956                           ; Number of cases is 2, Range of values is 0 to 1
   957                           ; switch strategies available:
   958                           ; Name         Instructions Cycles
   959                           ; simple_byte            7     4 (average)
   960                           ;	Chosen strategy is simple_byte
   961   00120C  5024               	movf	??_gpio_pin_write_logic^0,w,c
   962   00120E  0A00               	xorlw	0	; case 0
   963   001210  B4D8               	btfsc	status,2,c
   964   001212  EFD1  F008         	goto	l1074
   965   001216  0A01               	xorlw	1	; case 1
   966   001218  B4D8               	btfsc	status,2,c
   967   00121A  EFA9  F008         	goto	l1072
   968   00121E  EFA7  F008         	goto	l1070
   969   001222                     l101:
   970   001222  0012               	return		;funcret
   971   001224                     __end_of_gpio_pin_write_logic:
   972                           	callstack 0
   973                           
   974 ;; *************** function _gpio_pin_direction_intialize *****************
   975 ;; Defined at:
   976 ;;		line 19 in file "MCAL_Layer/GPIO/hal_gpio.c"
   977 ;; Parameters:    Size  Location     Type
   978 ;;  _pin_config     1    0[COMRAM] PTR const struct .
   979 ;;		 -> led_intialize@pin_obj(1), 
   980 ;; Auto vars:     Size  Location     Type
   981 ;;  ret             1    0        unsigned char 
   982 ;; Return value:  Size  Location     Type
   983 ;;                  1    wreg      unsigned char 
   984 ;; Registers used:
   985 ;;		wreg, fsr2l, fsr2h, status,2, status,0, prodl, prodh
   986 ;; Tracked objects:
   987 ;;		On entry : 0/0
   988 ;;		On exit  : 0/0
   989 ;;		Unchanged: 0/0
   990 ;; Data sizes:     COMRAM   BANK0   BANK1   BANK2   BANK3   BANK4   BANK5   BANK6   BANK7   BANK8   BANK9  BANK10  BANK1
      +1  BANK12  BANK13  BANK14  BANK15
   991 ;;      Params:         1       0       0       0       0       0       0       0       0       0       0       0       
      +0       0       0       0       0
   992 ;;      Locals:         0       0       0       0       0       0       0       0       0       0       0       0       
      +0       0       0       0       0
   993 ;;      Temps:          5       0       0       0       0       0       0       0       0       0       0       0       
      +0       0       0       0       0
   994 ;;      Totals:         6       0       0       0       0       0       0       0       0       0       0       0       
      +0       0       0       0       0
   995 ;;Total ram usage:        6 bytes
   996 ;; Hardware stack levels used: 1
   997 ;; This function calls:
   998 ;;		Nothing
   999 ;; This function is called by:
  1000 ;;		_gpio_pin_intialize
  1001 ;; This function uses a non-reentrant model
  1002 ;;
  1003                           
  1004                           	psect	text7
  1005   001002                     __ptext7:
  1006                           	callstack 0
  1007   001002                     _gpio_pin_direction_intialize:
  1008                           	callstack 27
  1009   001002                     
  1010                           ;MCAL_Layer/GPIO/hal_gpio.c: 22:     if (((void*)0) == _pin_config || (_pin_config->pin 
      +                          > 8 - 1)) {
  1011   001002  5022               	movf	gpio_pin_direction_intialize@_pin_config^0,w,c
  1012   001004  B4D8               	btfsc	status,2,c
  1013   001006  EF07  F008         	goto	u431
  1014   00100A  EF09  F008         	goto	u430
  1015   00100E                     u431:
  1016   00100E  EF19  F008         	goto	l1090
  1017   001012                     u430:
  1018   001012  5022               	movf	gpio_pin_direction_intialize@_pin_config^0,w,c
  1019   001014  6ED9               	movwf	fsr2l,c
  1020   001016  6ADA               	clrf	fsr2h,c
  1021   001018  30DF               	rrcf	223,w,c
  1022   00101A  32E8               	rrcf	wreg,f,c
  1023   00101C  32E8               	rrcf	wreg,f,c
  1024   00101E  0B07               	andlw	7
  1025   001020  6E23               	movwf	??_gpio_pin_direction_intialize^0,c
  1026   001022  0E07               	movlw	7
  1027   001024  6423               	cpfsgt	??_gpio_pin_direction_intialize^0,c
  1028   001026  EF17  F008         	goto	u441
  1029   00102A  EF19  F008         	goto	u440
  1030   00102E                     u441:
  1031   00102E  EF6E  F008         	goto	l1098
  1032   001032                     u440:
  1033   001032                     l1090:
  1034                           
  1035                           ;MCAL_Layer/GPIO/hal_gpio.c: 24:     } else {
  1036   001032  EF8E  F008         	goto	l82
  1037   001036                     l1092:
  1038                           
  1039                           ;MCAL_Layer/GPIO/hal_gpio.c: 28:                 (*tris_registers[_pin_config->port] &= 
      +                          ~((uint8)1 << _pin_config->pin));
  1040   001036  5022               	movf	gpio_pin_direction_intialize@_pin_config^0,w,c
  1041   001038  6ED9               	movwf	fsr2l,c
  1042   00103A  6ADA               	clrf	fsr2h,c
  1043   00103C  30DF               	rrcf	223,w,c
  1044   00103E  32E8               	rrcf	wreg,f,c
  1045   001040  32E8               	rrcf	wreg,f,c
  1046   001042  0B07               	andlw	7
  1047   001044  6E23               	movwf	??_gpio_pin_direction_intialize^0,c
  1048   001046  0E01               	movlw	1
  1049   001048  6E24               	movwf	(??_gpio_pin_direction_intialize+1)^0,c
  1050   00104A  2A23               	incf	??_gpio_pin_direction_intialize^0,f,c
  1051   00104C  EF2A  F008         	goto	u454
  1052   001050                     u455:
  1053   001050  90D8               	bcf	status,0,c
  1054   001052  3624               	rlcf	(??_gpio_pin_direction_intialize+1)^0,f,c
  1055   001054                     u454:
  1056   001054  2E23               	decfsz	??_gpio_pin_direction_intialize^0,f,c
  1057   001056  EF28  F008         	goto	u455
  1058   00105A  5024               	movf	(??_gpio_pin_direction_intialize+1)^0,w,c
  1059   00105C  0AFF               	xorlw	255
  1060   00105E  6E25               	movwf	(??_gpio_pin_direction_intialize+2)^0,c
  1061   001060  5022               	movf	gpio_pin_direction_intialize@_pin_config^0,w,c
  1062   001062  6ED9               	movwf	fsr2l,c
  1063   001064  6ADA               	clrf	fsr2h,c
  1064   001066  50DF               	movf	223,w,c
  1065   001068  0B07               	andlw	7
  1066   00106A  0D02               	mullw	2
  1067   00106C  50F3               	movf	243,w,c
  1068   00106E  0F15               	addlw	low _tris_registers
  1069   001070  6ED9               	movwf	fsr2l,c
  1070   001072  6ADA               	clrf	fsr2h,c
  1071   001074  CFDE F026          	movff	postinc2,??_gpio_pin_direction_intialize+3
  1072   001078  CFDD F027          	movff	postdec2,??_gpio_pin_direction_intialize+4
  1073   00107C  C026  FFD9         	movff	??_gpio_pin_direction_intialize+3,fsr2l
  1074   001080  C027  FFDA         	movff	??_gpio_pin_direction_intialize+4,fsr2h
  1075   001084  5025               	movf	(??_gpio_pin_direction_intialize+2)^0,w,c
  1076   001086  16DF               	andwf	indf2,f,c
  1077                           
  1078                           ;MCAL_Layer/GPIO/hal_gpio.c: 30:                 break;
  1079   001088  EF8E  F008         	goto	l82
  1080   00108C                     l1094:
  1081                           
  1082                           ;MCAL_Layer/GPIO/hal_gpio.c: 33:                 (*tris_registers[_pin_config->port] |= 
      +                          ((uint8)1 << _pin_config->pin));
  1083   00108C  5022               	movf	gpio_pin_direction_intialize@_pin_config^0,w,c
  1084   00108E  6ED9               	movwf	fsr2l,c
  1085   001090  6ADA               	clrf	fsr2h,c
  1086   001092  30DF               	rrcf	223,w,c
  1087   001094  32E8               	rrcf	wreg,f,c
  1088   001096  32E8               	rrcf	wreg,f,c
  1089   001098  0B07               	andlw	7
  1090   00109A  6E23               	movwf	??_gpio_pin_direction_intialize^0,c
  1091   00109C  0E01               	movlw	1
  1092   00109E  6E24               	movwf	(??_gpio_pin_direction_intialize+1)^0,c
  1093   0010A0  2A23               	incf	??_gpio_pin_direction_intialize^0,f,c
  1094   0010A2  EF55  F008         	goto	u464
  1095   0010A6                     u465:
  1096   0010A6  90D8               	bcf	status,0,c
  1097   0010A8  3624               	rlcf	(??_gpio_pin_direction_intialize+1)^0,f,c
  1098   0010AA                     u464:
  1099   0010AA  2E23               	decfsz	??_gpio_pin_direction_intialize^0,f,c
  1100   0010AC  EF53  F008         	goto	u465
  1101   0010B0  5022               	movf	gpio_pin_direction_intialize@_pin_config^0,w,c
  1102   0010B2  6ED9               	movwf	fsr2l,c
  1103   0010B4  6ADA               	clrf	fsr2h,c
  1104   0010B6  50DF               	movf	223,w,c
  1105   0010B8  0B07               	andlw	7
  1106   0010BA  0D02               	mullw	2
  1107   0010BC  50F3               	movf	243,w,c
  1108   0010BE  0F15               	addlw	low _tris_registers
  1109   0010C0  6ED9               	movwf	fsr2l,c
  1110   0010C2  6ADA               	clrf	fsr2h,c
  1111   0010C4  CFDE F025          	movff	postinc2,??_gpio_pin_direction_intialize+2
  1112   0010C8  CFDD F026          	movff	postdec2,??_gpio_pin_direction_intialize+3
  1113   0010CC  C025  FFD9         	movff	??_gpio_pin_direction_intialize+2,fsr2l
  1114   0010D0  C026  FFDA         	movff	??_gpio_pin_direction_intialize+3,fsr2h
  1115   0010D4  5024               	movf	(??_gpio_pin_direction_intialize+1)^0,w,c
  1116   0010D6  12DF               	iorwf	indf2,f,c
  1117                           
  1118                           ;MCAL_Layer/GPIO/hal_gpio.c: 34:                 break;
  1119   0010D8  EF8E  F008         	goto	l82
  1120   0010DC                     l1098:
  1121   0010DC  5022               	movf	gpio_pin_direction_intialize@_pin_config^0,w,c
  1122   0010DE  6ED9               	movwf	fsr2l,c
  1123   0010E0  6ADA               	clrf	fsr2h,c
  1124   0010E2  BCDF               	btfsc	indf2,6,c
  1125   0010E4  EF76  F008         	goto	u471
  1126   0010E8  EF79  F008         	goto	u470
  1127   0010EC                     u471:
  1128   0010EC  0E01               	movlw	1
  1129   0010EE  EF7A  F008         	goto	u480
  1130   0010F2                     u470:
  1131   0010F2  0E00               	movlw	0
  1132   0010F4                     u480:
  1133   0010F4  6E23               	movwf	??_gpio_pin_direction_intialize^0,c
  1134   0010F6  6A24               	clrf	(??_gpio_pin_direction_intialize+1)^0,c
  1135                           
  1136                           ; Switch on 2 bytes has been partitioned into a top level switch of size 1, and 1 sub-sw
      +                          itches
  1137                           ; Switch size 1, requested type "simple"
  1138                           ; Number of cases is 1, Range of values is 0 to 0
  1139                           ; switch strategies available:
  1140                           ; Name         Instructions Cycles
  1141                           ; simple_byte            4     3 (average)
  1142                           ;	Chosen strategy is simple_byte
  1143   0010F8  5024               	movf	(??_gpio_pin_direction_intialize+1)^0,w,c
  1144   0010FA  0A00               	xorlw	0	; case 0
  1145   0010FC  B4D8               	btfsc	status,2,c
  1146   0010FE  EF83  F008         	goto	l1200
  1147   001102  EF19  F008         	goto	l1090
  1148   001106                     l1200:
  1149                           
  1150                           ; Switch size 1, requested type "simple"
  1151                           ; Number of cases is 2, Range of values is 0 to 1
  1152                           ; switch strategies available:
  1153                           ; Name         Instructions Cycles
  1154                           ; simple_byte            7     4 (average)
  1155                           ;	Chosen strategy is simple_byte
  1156   001106  5023               	movf	??_gpio_pin_direction_intialize^0,w,c
  1157   001108  0A00               	xorlw	0	; case 0
  1158   00110A  B4D8               	btfsc	status,2,c
  1159   00110C  EF1B  F008         	goto	l1092
  1160   001110  0A01               	xorlw	1	; case 1
  1161   001112  B4D8               	btfsc	status,2,c
  1162   001114  EF46  F008         	goto	l1094
  1163   001118  EF19  F008         	goto	l1090
  1164   00111C                     l82:
  1165   00111C  0012               	return		;funcret
  1166   00111E                     __end_of_gpio_pin_direction_intialize:
  1167                           	callstack 0
  1168                           
  1169                           	psect	smallconst
  1170   001000                     __psmallconst:
  1171                           	callstack 0
  1172   001000  00                 	db	0
  1173   001001  00                 	db	0	; dummy byte at the end
  1174   000000                     
  1175                           	psect	rparam
  1176   000000                     
  1177                           	psect	config
  1178                           
  1179                           ; Padding undefined space
  1180   300000                     	org	3145728
  1181   300000  FF                 	db	255
  1182                           
  1183                           ;Config register CONFIG1H @ 0x300001
  1184                           ;	Oscillator Selection bits
  1185                           ;	OSC = HS, HS oscillator
  1186                           ;	Fail-Safe Clock Monitor Enable bit
  1187                           ;	FCMEN = OFF, Fail-Safe Clock Monitor disabled
  1188                           ;	Internal/External Oscillator Switchover bit
  1189                           ;	IESO = OFF, Oscillator Switchover mode disabled
  1190   300001                     	org	3145729
  1191   300001  02                 	db	2
  1192                           
  1193                           ;Config register CONFIG2L @ 0x300002
  1194                           ;	Power-up Timer Enable bit
  1195                           ;	PWRT = OFF, PWRT disabled
  1196                           ;	Brown-out Reset Enable bits
  1197                           ;	BOREN = OFF, Brown-out Reset disabled in hardware and software
  1198                           ;	Brown Out Reset Voltage bits
  1199                           ;	BORV = 1, 
  1200   300002                     	org	3145730
  1201   300002  09                 	db	9
  1202                           
  1203                           ;Config register CONFIG2H @ 0x300003
  1204                           ;	Watchdog Timer Enable bit
  1205                           ;	WDT = OFF, WDT disabled (control is placed on the SWDTEN bit)
  1206                           ;	Watchdog Timer Postscale Select bits
  1207                           ;	WDTPS = 32768, 1:32768
  1208   300003                     	org	3145731
  1209   300003  1E                 	db	30
  1210                           
  1211                           ; Padding undefined space
  1212   300004                     	org	3145732
  1213   300004  FF                 	db	255
  1214                           
  1215                           ;Config register CONFIG3H @ 0x300005
  1216                           ;	CCP2 MUX bit
  1217                           ;	CCP2MX = PORTC, CCP2 input/output is multiplexed with RC1
  1218                           ;	PORTB A/D Enable bit
  1219                           ;	PBADEN = OFF, PORTB<4:0> pins are configured as digital I/O on Reset
  1220                           ;	Low-Power Timer1 Oscillator Enable bit
  1221                           ;	LPT1OSC = OFF, Timer1 configured for higher power operation
  1222                           ;	MCLR Pin Enable bit
  1223                           ;	MCLRE = ON, MCLR pin enabled; RE3 input pin disabled
  1224   300005                     	org	3145733
  1225   300005  81                 	db	129
  1226                           
  1227                           ;Config register CONFIG4L @ 0x300006
  1228                           ;	Stack Full/Underflow Reset Enable bit
  1229                           ;	STVREN = ON, Stack full/underflow will cause Reset
  1230                           ;	Single-Supply ICSP Enable bit
  1231                           ;	LVP = OFF, Single-Supply ICSP disabled
  1232                           ;	Extended Instruction Set Enable bit
  1233                           ;	XINST = OFF, Instruction set extension and Indexed Addressing mode disabled (Legacy mo
      +                          de)
  1234                           ;	Background Debugger Enable bit
  1235                           ;	DEBUG = 0x1, unprogrammed default
  1236   300006                     	org	3145734
  1237   300006  81                 	db	129
  1238                           
  1239                           ; Padding undefined space
  1240   300007                     	org	3145735
  1241   300007  FF                 	db	255
  1242                           
  1243                           ;Config register CONFIG5L @ 0x300008
  1244                           ;	Code Protection bit
  1245                           ;	CP0 = OFF, Block 0 (000800-003FFFh) not code-protected
  1246                           ;	Code Protection bit
  1247                           ;	CP1 = OFF, Block 1 (004000-007FFFh) not code-protected
  1248                           ;	Code Protection bit
  1249                           ;	CP2 = OFF, Block 2 (008000-00BFFFh) not code-protected
  1250                           ;	Code Protection bit
  1251                           ;	CP3 = OFF, Block 3 (00C000-00FFFFh) not code-protected
  1252   300008                     	org	3145736
  1253   300008  0F                 	db	15
  1254                           
  1255                           ;Config register CONFIG5H @ 0x300009
  1256                           ;	Boot Block Code Protection bit
  1257                           ;	CPB = OFF, Boot block (000000-0007FFh) not code-protected
  1258                           ;	Data EEPROM Code Protection bit
  1259                           ;	CPD = OFF, Data EEPROM not code-protected
  1260   300009                     	org	3145737
  1261   300009  C0                 	db	192
  1262                           
  1263                           ;Config register CONFIG6L @ 0x30000A
  1264                           ;	Write Protection bit
  1265                           ;	WRT0 = OFF, Block 0 (000800-003FFFh) not write-protected
  1266                           ;	Write Protection bit
  1267                           ;	WRT1 = OFF, Block 1 (004000-007FFFh) not write-protected
  1268                           ;	Write Protection bit
  1269                           ;	WRT2 = OFF, Block 2 (008000-00BFFFh) not write-protected
  1270                           ;	Write Protection bit
  1271                           ;	WRT3 = OFF, Block 3 (00C000-00FFFFh) not write-protected
  1272   30000A                     	org	3145738
  1273   30000A  0F                 	db	15
  1274                           
  1275                           ;Config register CONFIG6H @ 0x30000B
  1276                           ;	Configuration Register Write Protection bit
  1277                           ;	WRTC = OFF, Configuration registers (300000-3000FFh) not write-protected
  1278                           ;	Boot Block Write Protection bit
  1279                           ;	WRTB = OFF, Boot Block (000000-0007FFh) not write-protected
  1280                           ;	Data EEPROM Write Protection bit
  1281                           ;	WRTD = OFF, Data EEPROM not write-protected
  1282   30000B                     	org	3145739
  1283   30000B  E0                 	db	224
  1284                           
  1285                           ;Config register CONFIG7L @ 0x30000C
  1286                           ;	Table Read Protection bit
  1287                           ;	EBTR0 = OFF, Block 0 (000800-003FFFh) not protected from table reads executed in other
      +                           blocks
  1288                           ;	Table Read Protection bit
  1289                           ;	EBTR1 = OFF, Block 1 (004000-007FFFh) not protected from table reads executed in other
      +                           blocks
  1290                           ;	Table Read Protection bit
  1291                           ;	EBTR2 = OFF, Block 2 (008000-00BFFFh) not protected from table reads executed in other
      +                           blocks
  1292                           ;	Table Read Protection bit
  1293                           ;	EBTR3 = OFF, Block 3 (00C000-00FFFFh) not protected from table reads executed in other
      +                           blocks
  1294   30000C                     	org	3145740
  1295   30000C  0F                 	db	15
  1296                           
  1297                           ;Config register CONFIG7H @ 0x30000D
  1298                           ;	Boot Block Table Read Protection bit
  1299                           ;	EBTRB = OFF, Boot Block (000000-0007FFh) not protected from table reads executed in ot
      +                          her blocks
  1300   30000D                     	org	3145741
  1301   30000D  40                 	db	64
  1302                           tosu	equ	0xFFF
  1303                           tosh	equ	0xFFE
  1304                           tosl	equ	0xFFD
  1305                           stkptr	equ	0xFFC
  1306                           pclatu	equ	0xFFB
  1307                           pclath	equ	0xFFA
  1308                           pcl	equ	0xFF9
  1309                           tblptru	equ	0xFF8
  1310                           tblptrh	equ	0xFF7
  1311                           tblptrl	equ	0xFF6
  1312                           tablat	equ	0xFF5
  1313                           prodh	equ	0xFF4
  1314                           prodl	equ	0xFF3
  1315                           indf0	equ	0xFEF
  1316                           postinc0	equ	0xFEE
  1317                           postdec0	equ	0xFED
  1318                           preinc0	equ	0xFEC
  1319                           plusw0	equ	0xFEB
  1320                           fsr0h	equ	0xFEA
  1321                           fsr0l	equ	0xFE9
  1322                           wreg	equ	0xFE8
  1323                           indf1	equ	0xFE7
  1324                           postinc1	equ	0xFE6
  1325                           postdec1	equ	0xFE5
  1326                           preinc1	equ	0xFE4
  1327                           plusw1	equ	0xFE3
  1328                           fsr1h	equ	0xFE2
  1329                           fsr1l	equ	0xFE1
  1330                           bsr	equ	0xFE0
  1331                           indf2	equ	0xFDF
  1332                           postinc2	equ	0xFDE
  1333                           postdec2	equ	0xFDD
  1334                           preinc2	equ	0xFDC
  1335                           plusw2	equ	0xFDB
  1336                           fsr2h	equ	0xFDA
  1337                           fsr2l	equ	0xFD9
  1338                           status	equ	0xFD8

Data Sizes:
    Strings     0
    Constant    0
    Data        33
    BSS         4
    Persistent  0
    Stack       0

Auto Spaces:
    Space          Size  Autos    Used
    COMRAM          127     14      51
    BANK0           128      0       0
    BANK1           256      0       0
    BANK2           256      0       0
    BANK3           256      0       0
    BANK4           256      0       0
    BANK5           256      0       0
    BANK6           256      0       0
    BANK7           256      0       0
    BANK8           256      0       0
    BANK9           256      0       0
    BANK10          256      0       0
    BANK11          256      0       0
    BANK12          256      0       0
    BANK13          256      0       0
    BANK14          256      0       0
    BANK15          128      0       0

Pointer List with Targets:

    gpio_pin_direction_intialize@_pin_config	PTR const struct . size(1) Largest target is 1
		 -> led_intialize@pin_obj(COMRAM[1]), 

    gpio_pin_intialize@_pin_config	PTR struct . size(1) Largest target is 1
		 -> led_intialize@pin_obj(COMRAM[1]), 

    gpio_pin_toggle_logic@_pin_config	PTR const struct . size(1) Largest target is 1
		 -> led_toggle_status@pin_obj(COMRAM[1]), 

    gpio_pin_write_logic@_pin_config	PTR const struct . size(1) Largest target is 1
		 -> led_intialize@pin_obj(COMRAM[1]), led_turn_off@pin_obj(COMRAM[1]), led_turn_on@pin_obj(COMRAM[1]), 

    lat_registers	PTR volatile unsigned char [5] size(2) Largest target is 1
		 -> LATA(BITBIGSFRll[1]), LATB(BITBIGSFRlh[1]), LATC(BITBIGSFRlh[1]), LATD(BITBIGSFRlh[1]), 
		 -> LATE(BITBIGSFRlh[1]), 

    led_intialize@Led	PTR const struct . size(1) Largest target is 1
		 -> led1(COMRAM[1]), led2(COMRAM[1]), led3(COMRAM[1]), 

    led_toggle_status@Led	PTR const struct . size(1) Largest target is 1
		 -> led1(COMRAM[1]), led2(COMRAM[1]), led3(COMRAM[1]), 

    port_registers	PTR volatile unsigned char [5] size(2) Largest target is 1
		 -> PORTA(BITBIGSFRll[1]), PORTB(BITBIGSFRll[1]), PORTC(BITBIGSFRll[1]), PORTD(BITBIGSFRll[1]), 
		 -> PORTE(BITBIGSFRll[1]), 

    tris_registers	PTR volatile unsigned char [5] size(2) Largest target is 1
		 -> TRISA(BITBIGSFRll[1]), TRISB(BITBIGSFRh[1]), TRISC(BITBIGSFRh[1]), TRISD(BITBIGSFRh[1]), 
		 -> TRISE(BITBIGSFRh[1]), 


Critical Paths under _main in COMRAM

    _led_toggle_status->_gpio_pin_toggle_logic
    _Application_initialize->_led_intialize
    _led_intialize->_gpio_pin_intialize
    _gpio_pin_intialize->_gpio_pin_write_logic

Critical Paths under _main in BANK0

    None.

Critical Paths under _main in BANK1

    None.

Critical Paths under _main in BANK2

    None.

Critical Paths under _main in BANK3

    None.

Critical Paths under _main in BANK4

    None.

Critical Paths under _main in BANK5

    None.

Critical Paths under _main in BANK6

    None.

Critical Paths under _main in BANK7

    None.

Critical Paths under _main in BANK8

    None.

Critical Paths under _main in BANK9

    None.

Critical Paths under _main in BANK10

    None.

Critical Paths under _main in BANK11

    None.

Critical Paths under _main in BANK12

    None.

Critical Paths under _main in BANK13

    None.

Critical Paths under _main in BANK14

    None.

Critical Paths under _main in BANK15

    None.

Call Graph Tables:

 ---------------------------------------------------------------------------------
 (Depth) Function   	        Calls       Base Space   Used Autos Params    Refs
 ---------------------------------------------------------------------------------
 (0) _main                                                 2     2      0    1942
                                             12 COMRAM     2     2      0
             _Application_initialize
                  _led_toggle_status
 ---------------------------------------------------------------------------------
 (1) _led_toggle_status                                    4     3      1     526
                                              5 COMRAM     3     2      1
              _gpio_pin_toggle_logic
 ---------------------------------------------------------------------------------
 (2) _gpio_pin_toggle_logic                                6     5      1     172
                                              0 COMRAM     5     4      1
 ---------------------------------------------------------------------------------
 (1) _Application_initialize                               0     0      0    1416
                      _led_intialize
 ---------------------------------------------------------------------------------
 (2) _led_intialize                                        4     3      1    1416
                                              9 COMRAM     3     2      1
                 _gpio_pin_intialize
 ---------------------------------------------------------------------------------
 (3) _gpio_pin_intialize                                   3     2      1    1052
                                              7 COMRAM     2     1      1
       _gpio_pin_direction_intialize
               _gpio_pin_write_logic
 ---------------------------------------------------------------------------------
 (4) _gpio_pin_write_logic                                 8     6      2     619
                                              0 COMRAM     7     5      2
 ---------------------------------------------------------------------------------
 (4) _gpio_pin_direction_intialize                         7     6      1     239
                                              0 COMRAM     6     5      1
 ---------------------------------------------------------------------------------
 Estimated maximum stack depth 4
 ---------------------------------------------------------------------------------

 Call Graph Graphs:

 _main (ROOT)
   _Application_initialize
     _led_intialize
       _gpio_pin_intialize
         _gpio_pin_direction_intialize
         _gpio_pin_write_logic
   _led_toggle_status
     _gpio_pin_toggle_logic

 Address spaces:
Name               Size   Autos  Total    Cost      Usage
BIGRAM             F7F      0       0      40        0.0%
EEDATA             400      0       0       0        0.0%
BITBANK14          100      0       0      32        0.0%
BANK14             100      0       0      33        0.0%
BITBANK13          100      0       0      30        0.0%
BANK13             100      0       0      31        0.0%
BITBANK12          100      0       0      28        0.0%
BANK12             100      0       0      29        0.0%
BITBANK11          100      0       0      26        0.0%
BANK11             100      0       0      27        0.0%
BITBANK10          100      0       0      24        0.0%
BANK10             100      0       0      25        0.0%
BITBANK9           100      0       0      22        0.0%
BANK9              100      0       0      23        0.0%
BITBANK8           100      0       0      20        0.0%
BANK8              100      0       0      21        0.0%
BITBANK7           100      0       0      18        0.0%
BANK7              100      0       0      19        0.0%
BITBANK6           100      0       0      16        0.0%
BANK6              100      0       0      17        0.0%
BITBANK5           100      0       0      14        0.0%
BANK5              100      0       0      15        0.0%
BITBANK4           100      0       0      12        0.0%
BANK4              100      0       0      13        0.0%
BITBANK3           100      0       0      10        0.0%
BANK3              100      0       0      11        0.0%
BITBANK2           100      0       0       8        0.0%
BANK2              100      0       0       9        0.0%
BITBANK1           100      0       0       6        0.0%
BANK1              100      0       0       7        0.0%
BITBANK15           80      0       0      34        0.0%
BANK15              80      0       0      35        0.0%
BITBANK0            80      0       0       4        0.0%
BANK0               80      0       0       5        0.0%
BITCOMRAM           7F      0       0       0        0.0%
COMRAM              7F      E      33       1       40.2%
BITBIGSFRh          69      0       0      36        0.0%
BITBIGSFRlh          4      0       0      37        0.0%
BITBIGSFRll          4      0       0      38        0.0%
BIGSFR               0      0       0     200        0.0%
BITSFR               0      0       0     200        0.0%
SFR                  0      0       0     200        0.0%
STACK                0      0       0       2        0.0%
NULL                 0      0       0       0        0.0%
ABS                  0      0      33      39        0.0%
DATA                 0      0      33       3        0.0%
CODE                 0      0       0       0        0.0%


Microchip Technology PIC18 Macro Assembler V2.45 build 20230818022343 
Symbol Table                                                                                   Thu Dec 07 19:56:59 2023

                          _led_intialize 1310                                        l9 1324  
                                     l13 1378                                       l30 12BA  
                                     l34 130E                                       l82 111C  
                                    l101 1222                                      l122 13CC  
                                    l115 12A4                                      l170 13D2  
                                    l176 1476                                      u400 114E  
                                    u401 114A                                      u500 13AA  
                                    u501 13A6                                      u430 1012  
                                    u414 1170                                      u510 1320  
                                    u431 100E                                      u415 116C  
                                    u511 131C                                      u440 1032  
                                    u424 11C0                                      u441 102E  
                                    u425 11BC                                      u530 1234  
                                    u531 1230                                      u540 1254  
                                    u525 136E                                      u541 1250  
                                    u470 10F2                                      u454 1054  
                                    u390 112E                                      u471 10EC  
                                    u455 1050                                      u391 112A  
                                    u527 1370                                      u480 10F4  
                                    u464 10AA                                      u560 12B6  
                                    u465 10A6                                      u561 12B2  
                                    u490 138A                                      u554 1276  
                                    u491 1386                                      u555 1272  
                                    u627 13F4                                      u575 1304  
                                    u577 1306                                      wreg 0FE8  
                                   l1110 13AE                                     l1200 1106  
                                   l1104 137A                                     l1120 135E  
                                   l1106 138A                                     l1122 1360  
                                   l1114 1310                                     l1130 1234  
                                   l1108 13AA                                     l1124 1370  
                                   l1116 1320                                     l1132 1254  
                                   l1140 12B6                                     l1070 114E  
                                   l1118 1328                                     l1134 1258  
                                   l1142 12BE                                     l1072 1152  
                                   l1080 11F8                                     l1152 145E  
                                   l1128 1224                                     l1144 12F4  
                                   l1090 1032                                     l1074 11A2  
                                   l1066 111E                                     l1146 12F6  
                                   l1138 12A6                                     l1092 1036  
                                   l1068 112E                                     l1148 1306  
                                   l1094 108C                                     l1086 1002  
                                   l1088 1012                                     l1098 10DC  
                                   l1186 13CE                                     l1188 13EA  
                                   l1198 120C                                     _LATA 0F89  
                                   _LATB 0F8A                                     _LATC 0F8B  
                                   _LATD 0F8C                                     _LATE 0F8D  
                                   _led1 0021                                     _led2 0020  
                                   _led3 001F                                     _main 13CE  
                                   fsr2h 0FDA                                     indf2 0FDF  
                                   fsr1l 0FE1                                     fsr2l 0FD9  
                                   prodl 0FF3                                     start 0000  
                         ?_led_intialize 002B                             ___param_bank 0000  
                 ?_gpio_pin_toggle_logic 0022                     _gpio_pin_write_logic 111E  
                                  ?_main 0022                                    _PORTA 0F80  
                                  _PORTB 0F81                                    _PORTC 0F82  
                                  _PORTD 0F83                                    _PORTE 0F84  
                                  _TRISA 0F92                                    _TRISB 0F93  
                                  _TRISC 0F94                                    _TRISD 0F95  
                                  _TRISE 0F96                                    tablat 0FF5  
                                  status 0FD8                          __initialization 140A  
                           __end_of_main 140A                    ?_gpio_pin_write_logic 0022  
                          _lat_registers 000B                                   ??_main 002E  
                          __activetblptr 0002                         led_turn_on@F2896 0032  
       gpio_pin_toggle_logic@_pin_config 0022                          ??_led_intialize 002C  
                ?_Application_initialize 0022                         led_intialize@Led 002B  
                                 isa$std 0001  gpio_pin_direction_intialize@_pin_config 0022  
                           __pdataCOMRAM 0001                             __mediumconst 0000  
                                 tblptrh 0FF7                                   tblptrl 0FF6  
                                 tblptru 0FF8                               __accesstop 0080  
                __end_of__initialization 1432                            ___rparam_used 0001  
                 ??_gpio_pin_write_logic 0024                           __pcstackCOMRAM 0022  
         __end_of_Application_initialize 1478                  ??_gpio_pin_toggle_logic 0023  
                      led_turn_off@F2901 0031                           _tris_registers 0015  
                                __Hparam 0000                                  __Lparam 0000  
                   led_intialize@pin_obj 002D                             __psmallconst 1000  
             __end_of_gpio_pin_intialize 13CE                                  __pcinit 140A  
                                __ramtop 1000                                  __ptext0 13CE  
                                __ptext1 12A6                                  __ptext2 1224  
                                __ptext3 145E                                  __ptext4 1310  
                                __ptext5 137A                                  __ptext6 111E  
                                __ptext7 1002                     end_of_initialization 1432  
                          __Lmediumconst 0000                                  postdec1 0FE5  
                                postdec2 0FDD                                  postinc0 0FEE  
                                postinc2 0FDE                     led_toggle_status@Led 0027  
          gpio_pin_intialize@_pin_config 0029     __end_of_gpio_pin_direction_intialize 111E  
           _gpio_pin_direction_intialize 1002                    __end_of_led_intialize 137A  
                          __pidataCOMRAM 143C                      start_initialization 140A  
          ?_gpio_pin_direction_intialize 0022            __end_of_gpio_pin_toggle_logic 12A6  
                      _led_toggle_status 12A6                       ?_led_toggle_status 0027  
                            __pbssCOMRAM 0030                      ??_led_toggle_status 0028  
        gpio_pin_write_logic@_pin_config 0022                __end_of_led_toggle_status 1310  
                            __smallconst 1000                       _gpio_pin_intialize 137A  
         ??_gpio_pin_direction_intialize 0023                 ??_Application_initialize 002E  
                    ?_gpio_pin_intialize 0029                     ??_gpio_pin_intialize 002A  
                              copy_data0 141E                                 __Hrparam 0000  
                               __Lrparam 0000                 led_toggle_status@pin_obj 0029  
                     led_intialize@F2891 0033                                 isa$xinst 0000  
           __end_of_gpio_pin_write_logic 1224                   led_toggle_status@F2906 0030  
                  _gpio_pin_toggle_logic 1224                   _Application_initialize 145E  
             gpio_pin_write_logic@logic_ 0023                           _port_registers 0001  
